# JRE version: OpenJDK Runtime Environment (8.0_152-b06) (build 1.8.0_152-release-1136-b06)
# Java VM: OpenJDK 64-Bit Server VM (25.152-b06 mixed mode linux-amd64 compressed oops)
Heap:
 PSYoungGen      total 369152K, used 0K [0x00000000e0000000, 0x0000000100000000, 0x0000000100000000)
  eden space 318464K, 0% used [0x00000000e0000000,0x00000000e0000000,0x00000000f3700000)
  from space 50688K, 0% used [0x00000000fce80000,0x00000000fce80000,0x0000000100000000)
  to   space 102912K, 0% used [0x00000000f3700000,0x00000000f3700000,0x00000000f9b80000)
 ParOldGen       total 229888K, used 174640K [0x00000000a0000000, 0x00000000ae080000, 0x00000000e0000000)
  object space 229888K, 75% used [0x00000000a0000000,0x00000000aaa8c128,0x00000000ae080000)
 Metaspace       used 96924K, capacity 100411K, committed 100556K, reserved 1136640K
  class space    used 12483K, capacity 13273K, committed 13312K, reserved 1048576K
GC Heap History (10 events):
Event: 1135,238 GC heap after
Heap after GC invocations=22 (full 3):
 PSYoungGen      total 403456K, used 29169K [0x00000000e0000000, 0x00000000ff180000, 0x0000000100000000)
  eden space 374272K, 0% used [0x00000000e0000000,0x00000000e0000000,0x00000000f6d80000)
  from space 29184K, 99% used [0x00000000f6d80000,0x00000000f89fc650,0x00000000f8a00000)
  to   space 35840K, 0% used [0x00000000fce80000,0x00000000fce80000,0x00000000ff180000)
 ParOldGen       total 153600K, used 67329K [0x00000000a0000000, 0x00000000a9600000, 0x00000000e0000000)
  object space 153600K, 43% used [0x00000000a0000000,0x00000000a41c0638,0x00000000a9600000)
 Metaspace       used 93672K, capacity 96901K, committed 97152K, reserved 1134592K
  class space    used 12161K, capacity 12928K, committed 12928K, reserved 1048576K
}
Event: 1135,570 GC heap before
{Heap before GC invocations=23 (full 3):
 PSYoungGen      total 403456K, used 51504K [0x00000000e0000000, 0x00000000ff180000, 0x0000000100000000)
  eden space 374272K, 5% used [0x00000000e0000000,0x00000000e15cfa60,0x00000000f6d80000)
  from space 29184K, 99% used [0x00000000f6d80000,0x00000000f89fc650,0x00000000f8a00000)
  to   space 35840K, 0% used [0x00000000fce80000,0x00000000fce80000,0x00000000ff180000)
 ParOldGen       total 153600K, used 67329K [0x00000000a0000000, 0x00000000a9600000, 0x00000000e0000000)
  object space 153600K, 43% used [0x00000000a0000000,0x00000000a41c0638,0x00000000a9600000)
 Metaspace       used 95004K, capacity 98271K, committed 98380K, reserved 1134592K
  class space    used 12330K, capacity 13099K, committed 13184K, reserved 1048576K
Event: 1135,621 GC heap after
Heap after GC invocations=23 (full 3):
 PSYoungGen      total 473600K, used 4578K [0x00000000e0000000, 0x0000000100000000, 0x0000000100000000)
  eden space 437760K, 0% used [0x00000000e0000000,0x00000000e0000000,0x00000000fab80000)
  from space 35840K, 12% used [0x00000000fce80000,0x00000000fd2f8978,0x00000000ff180000)
  to   space 35840K, 0% used [0x00000000fab80000,0x00000000fab80000,0x00000000fce80000)
 ParOldGen       total 153600K, used 93625K [0x00000000a0000000, 0x00000000a9600000, 0x00000000e0000000)
  object space 153600K, 60% used [0x00000000a0000000,0x00000000a5b6e650,0x00000000a9600000)
 Metaspace       used 95004K, capacity 98271K, committed 98380K, reserved 1134592K
  class space    used 12330K, capacity 13099K, committed 13184K, reserved 1048576K
}
Event: 1135,621 GC heap before
{Heap before GC invocations=24 (full 4):
 PSYoungGen      total 473600K, used 4578K [0x00000000e0000000, 0x0000000100000000, 0x0000000100000000)
  eden space 437760K, 0% used [0x00000000e0000000,0x00000000e0000000,0x00000000fab80000)
  from space 35840K, 12% used [0x00000000fce80000,0x00000000fd2f8978,0x00000000ff180000)
  to   space 35840K, 0% used [0x00000000fab80000,0x00000000fab80000,0x00000000fce80000)
 ParOldGen       total 153600K, used 93625K [0x00000000a0000000, 0x00000000a9600000, 0x00000000e0000000)
  object space 153600K, 60% used [0x00000000a0000000,0x00000000a5b6e650,0x00000000a9600000)
 Metaspace       used 95004K, capacity 98271K, committed 98380K, reserved 1134592K
  class space    used 12330K, capacity 13099K, committed 13184K, reserved 1048576K
Event: 1135,965 GC heap after
Heap after GC invocations=24 (full 4):
 PSYoungGen      total 473600K, used 0K [0x00000000e0000000, 0x0000000100000000, 0x0000000100000000)
  eden space 437760K, 0% used [0x00000000e0000000,0x00000000e0000000,0x00000000fab80000)
  from space 35840K, 0% used [0x00000000fce80000,0x00000000fce80000,0x00000000ff180000)
  to   space 35840K, 0% used [0x00000000fab80000,0x00000000fab80000,0x00000000fce80000)
 ParOldGen       total 219648K, used 78239K [0x00000000a0000000, 0x00000000ad680000, 0x00000000e0000000)
  object space 219648K, 35% used [0x00000000a0000000,0x00000000a4c67e98,0x00000000ad680000)
 Metaspace       used 94967K, capacity 98167K, committed 98380K, reserved 1134592K
  class space    used 12317K, capacity 13077K, committed 13184K, reserved 1048576K
}
Event: 1138,533 GC heap before
{Heap before GC invocations=25 (full 4):
 PSYoungGen      total 473600K, used 437760K [0x00000000e0000000, 0x0000000100000000, 0x0000000100000000)
  eden space 437760K, 100% used [0x00000000e0000000,0x00000000fab80000,0x00000000fab80000)
  from space 35840K, 0% used [0x00000000fce80000,0x00000000fce80000,0x00000000ff180000)
  to   space 35840K, 0% used [0x00000000fab80000,0x00000000fab80000,0x00000000fce80000)
 ParOldGen       total 219648K, used 78239K [0x00000000a0000000, 0x00000000ad680000, 0x00000000e0000000)
  object space 219648K, 35% used [0x00000000a0000000,0x00000000a4c67e98,0x00000000ad680000)
 Metaspace       used 96654K, capacity 100197K, committed 100300K, reserved 1136640K
  class space    used 12473K, capacity 13268K, committed 13312K, reserved 1048576K
Event: 1138,739 GC heap after
Heap after GC invocations=25 (full 4):
 PSYoungGen      total 473600K, used 35820K [0x00000000e0000000, 0x0000000100000000, 0x0000000100000000)
  eden space 437760K, 0% used [0x00000000e0000000,0x00000000e0000000,0x00000000fab80000)
  from space 35840K, 99% used [0x00000000fab80000,0x00000000fce7b078,0x00000000fce80000)
  to   space 50688K, 0% used [0x00000000fce80000,0x00000000fce80000,0x0000000100000000)
 ParOldGen       total 219648K, used 143455K [0x00000000a0000000, 0x00000000ad680000, 0x00000000e0000000)
  object space 219648K, 65% used [0x00000000a0000000,0x00000000a8c17ef0,0x00000000ad680000)
 Metaspace       used 96654K, capacity 100197K, committed 100300K, reserved 1136640K
  class space    used 12473K, capacity 13268K, committed 13312K, reserved 1048576K
}
Event: 1141,164 GC heap before
{Heap before GC invocations=26 (full 4):
 PSYoungGen      total 473600K, used 473580K [0x00000000e0000000, 0x0000000100000000, 0x0000000100000000)
  eden space 437760K, 100% used [0x00000000e0000000,0x00000000fab80000,0x00000000fab80000)
  from space 35840K, 99% used [0x00000000fab80000,0x00000000fce7b078,0x00000000fce80000)
  to   space 50688K, 0% used [0x00000000fce80000,0x00000000fce80000,0x0000000100000000)
 ParOldGen       total 219648K, used 143455K [0x00000000a0000000, 0x00000000ad680000, 0x00000000e0000000)
  object space 219648K, 65% used [0x00000000a0000000,0x00000000a8c17ef0,0x00000000ad680000)
 Metaspace       used 96943K, capacity 100473K, committed 100556K, reserved 1136640K
  class space    used 12489K, capacity 13284K, committed 13312K, reserved 1048576K
Event: 1141,574 GC heap after
Heap after GC invocations=26 (full 4):
 PSYoungGen      total 369152K, used 50675K [0x00000000e0000000, 0x0000000100000000, 0x0000000100000000)
  eden space 318464K, 0% used [0x00000000e0000000,0x00000000e0000000,0x00000000f3700000)
  from space 50688K, 99% used [0x00000000fce80000,0x00000000ffffcdc8,0x0000000100000000)
  to   space 102912K, 0% used [0x00000000f3700000,0x00000000f3700000,0x00000000f9b80000)
 ParOldGen       total 229888K, used 229468K [0x00000000a0000000, 0x00000000ae080000, 0x00000000e0000000)
  object space 229888K, 99% used [0x00000000a0000000,0x00000000ae017050,0x00000000ae080000)
 Metaspace       used 96943K, capacity 100473K, committed 100556K, reserved 1136640K
  class space    used 12489K, capacity 13284K, committed 13312K, reserved 1048576K
}
Event: 1141,574 GC heap before
{Heap before GC invocations=27 (full 5):
 PSYoungGen      total 369152K, used 50675K [0x00000000e0000000, 0x0000000100000000, 0x0000000100000000)
  eden space 318464K, 0% used [0x00000000e0000000,0x00000000e0000000,0x00000000f3700000)
  from space 50688K, 99% used [0x00000000fce80000,0x00000000ffffcdc8,0x0000000100000000)
  to   space 102912K, 0% used [0x00000000f3700000,0x00000000f3700000,0x00000000f9b80000)
 ParOldGen       total 229888K, used 229468K [0x00000000a0000000, 0x00000000ae080000, 0x00000000e0000000)
  object space 229888K, 99% used [0x00000000a0000000,0x00000000ae017050,0x00000000ae080000)
 Metaspace       used 96943K, capacity 100473K, committed 100556K, reserved 1136640K
  class space    used 12489K, capacity 13284K, committed 13312K, reserved 1048576K

